  Main.cpp
C:\Program Files\Microsoft Visual Studio\2022\Community\VC\Tools\MSVC\14.31.31103\include\iterator(277,1): error C2679: binary '>>': no operator found which takes a right-hand operand of type '_Ty' (or there is no acceptable conversion)
          with
          [
              _Ty=IAircraft *
          ]
C:\Program Files\Microsoft Visual Studio\2022\Community\VC\Tools\MSVC\14.31.31103\include\istream(299,39): message : could be 'std::basic_istream<char,std::char_traits<char>> &std::basic_istream<char,std::char_traits<char>>::operator >>(std::basic_streambuf<char,std::char_traits<char>> *)'
C:\Program Files\Microsoft Visual Studio\2022\Community\VC\Tools\MSVC\14.31.31103\include\istream(295,39): message : or       'std::basic_istream<char,std::char_traits<char>> &std::basic_istream<char,std::char_traits<char>>::operator >>(void *&)'
C:\Program Files\Microsoft Visual Studio\2022\Community\VC\Tools\MSVC\14.31.31103\include\istream(291,39): message : or       'std::basic_istream<char,std::char_traits<char>> &std::basic_istream<char,std::char_traits<char>>::operator >>(long double &)'
C:\Program Files\Microsoft Visual Studio\2022\Community\VC\Tools\MSVC\14.31.31103\include\istream(287,39): message : or       'std::basic_istream<char,std::char_traits<char>> &std::basic_istream<char,std::char_traits<char>>::operator >>(double &)'
C:\Program Files\Microsoft Visual Studio\2022\Community\VC\Tools\MSVC\14.31.31103\include\istream(283,39): message : or       'std::basic_istream<char,std::char_traits<char>> &std::basic_istream<char,std::char_traits<char>>::operator >>(float &)'
C:\Program Files\Microsoft Visual Studio\2022\Community\VC\Tools\MSVC\14.31.31103\include\istream(279,39): message : or       'std::basic_istream<char,std::char_traits<char>> &std::basic_istream<char,std::char_traits<char>>::operator >>(unsigned __int64 &)'
C:\Program Files\Microsoft Visual Studio\2022\Community\VC\Tools\MSVC\14.31.31103\include\istream(275,39): message : or       'std::basic_istream<char,std::char_traits<char>> &std::basic_istream<char,std::char_traits<char>>::operator >>(__int64 &)'
C:\Program Files\Microsoft Visual Studio\2022\Community\VC\Tools\MSVC\14.31.31103\include\istream(271,39): message : or       'std::basic_istream<char,std::char_traits<char>> &std::basic_istream<char,std::char_traits<char>>::operator >>(unsigned long &)'
C:\Program Files\Microsoft Visual Studio\2022\Community\VC\Tools\MSVC\14.31.31103\include\istream(267,39): message : or       'std::basic_istream<char,std::char_traits<char>> &std::basic_istream<char,std::char_traits<char>>::operator >>(long &)'
C:\Program Files\Microsoft Visual Studio\2022\Community\VC\Tools\MSVC\14.31.31103\include\istream(263,39): message : or       'std::basic_istream<char,std::char_traits<char>> &std::basic_istream<char,std::char_traits<char>>::operator >>(unsigned int &)'
C:\Program Files\Microsoft Visual Studio\2022\Community\VC\Tools\MSVC\14.31.31103\include\istream(255,39): message : or       'std::basic_istream<char,std::char_traits<char>> &std::basic_istream<char,std::char_traits<char>>::operator >>(int &)'
C:\Program Files\Microsoft Visual Studio\2022\Community\VC\Tools\MSVC\14.31.31103\include\istream(251,39): message : or       'std::basic_istream<char,std::char_traits<char>> &std::basic_istream<char,std::char_traits<char>>::operator >>(unsigned short &)'
C:\Program Files\Microsoft Visual Studio\2022\Community\VC\Tools\MSVC\14.31.31103\include\istream(219,39): message : or       'std::basic_istream<char,std::char_traits<char>> &std::basic_istream<char,std::char_traits<char>>::operator >>(short &)'
C:\Program Files\Microsoft Visual Studio\2022\Community\VC\Tools\MSVC\14.31.31103\include\istream(215,39): message : or       'std::basic_istream<char,std::char_traits<char>> &std::basic_istream<char,std::char_traits<char>>::operator >>(bool &)'
C:\Program Files\Microsoft Visual Studio\2022\Community\VC\Tools\MSVC\14.31.31103\include\istream(186,39): message : or       'std::basic_istream<char,std::char_traits<char>> &std::basic_istream<char,std::char_traits<char>>::operator >>(std::ios_base &(__cdecl *)(std::ios_base &))'
C:\Program Files\Microsoft Visual Studio\2022\Community\VC\Tools\MSVC\14.31.31103\include\istream(181,39): message : or       'std::basic_istream<char,std::char_traits<char>> &std::basic_istream<char,std::char_traits<char>>::operator >>(std::basic_ios<char,std::char_traits<char>> &(__cdecl *)(std::basic_ios<char,std::char_traits<char>> &))'
C:\Program Files\Microsoft Visual Studio\2022\Community\VC\Tools\MSVC\14.31.31103\include\istream(176,39): message : or       'std::basic_istream<char,std::char_traits<char>> &std::basic_istream<char,std::char_traits<char>>::operator >>(std::basic_istream<char,std::char_traits<char>> &(__cdecl *)(std::basic_istream<char,std::char_traits<char>> &))'
C:\Program Files\Microsoft Visual Studio\2022\Community\VC\Tools\MSVC\14.31.31103\include\iterator(277,1): message : while trying to match the argument list '(std::basic_istream<char,std::char_traits<char>>, _Ty)'
          with
          [
              _Ty=IAircraft *
          ]
C:\Program Files\Microsoft Visual Studio\2022\Community\VC\Tools\MSVC\14.31.31103\include\iterator(275): message : while compiling class template member function 'void std::istream_iterator<IAircraft *,char,std::char_traits<char>,ptrdiff_t>::_Getval(void)'
C:\Program Files\Microsoft Visual Studio\2022\Community\VC\Tools\MSVC\14.31.31103\include\iterator(240): message : see reference to function template instantiation 'void std::istream_iterator<IAircraft *,char,std::char_traits<char>,ptrdiff_t>::_Getval(void)' being compiled
D:\C++\Examen\Examen\Main.cpp(30): message : see reference to class template instantiation 'std::istream_iterator<IAircraft *,char,std::char_traits<char>,ptrdiff_t>' being compiled
